<?xml version="1.0" encoding="UTF-8"?>
<testsuite name="lidar.search.ui.HelloControllerTest" tests="1" skipped="0" failures="0" errors="0" timestamp="2020-04-06T06:57:49" hostname="DESKTOP-B7L6HK0" time="0.775">
  <properties/>
  <testcase name="testHello()" classname="lidar.search.ui.HelloControllerTest" time="0.775"/>
  <system-out><![CDATA[?[36m00:57:47.324?[0;39m ?[1;30m[Test worker]?[0;39m ?[34mINFO ?[0;39m ?[35mi.m.context.env.DefaultEnvironment?[0;39m - Established active environments: [test]
]]></system-out>
  <system-err><![CDATA[]]></system-err>
</testsuite>
